<?xml version='1.0' encoding='UTF-8'?>
<testsuite hostname="DESKTOP-8IVQB9G" name="ActionTest" tests="7" errors="0" failures="0" skipped="0" time="0.079" timestamp="2022-11-01T07:27:59">
          <properties>
[...]
</properties>
          <testcase classname="ActionTest" name="Total number of shuffled cards should be 52" time="0.052">
                      
                    </testcase><testcase classname="ActionTest" name="Verifies that the Pharoah/Faro Shuffle technique is selected, when input is 4" time="0.011">
                      
                    </testcase><testcase classname="ActionTest" name="Verifies that the Riffle shuffle technique is selected, when input is 1" time="0.008">
                      
                    </testcase><testcase classname="ActionTest" name="Verifies that only one card is dealt to the player, when the dealCardToPlayer() is called" time="0.0">
                      
                    </testcase><testcase classname="ActionTest" name="With the given data, the total number of probable players are 2" time="0.0">
                      
                    </testcase><testcase classname="ActionTest" name="With the given data, the probable players are Player2 and Player3" time="0.0">
                      
                    </testcase><testcase classname="ActionTest" name="With the given data, the final winner is Player 3" time="0.008">
                      
                    </testcase>
          <system-out><![CDATA[]]></system-out>
          <system-err><![CDATA[]]></system-err>
        </testsuite>