<?xml version='1.0' encoding='UTF-8'?>
<testsuite hostname="DESKTOP-8IVQB9G" name="ActionTest" tests="1" errors="0" failures="0" skipped="0" time="0.039" timestamp="2022-10-25T10:30:51">
          <properties>
[...]
</properties>
          <testcase classname="ActionTest" name="Total number of shuffled cards should be 52" time="0.039">
                      
                    </testcase>
          <system-out><![CDATA[]]></system-out>
          <system-err><![CDATA[]]></system-err>
        </testsuite>